<?xml version="1.0" encoding="UTF-8"?>
<!-- Generated by org.testng.reporters.JUnitXMLReporter -->
<testsuite ignored="0" hostname="LTIN242681" failures="0" tests="4" name="Default test" time="0.645" errors="0" timestamp="2024-02-08T14:54:20 IST">
  <testcase classname="TestCases.NewYork_info" name="NY_Watchtittle" time="0.302"/>
  <testcase classname="TestCases.NewYork_info" name="NY_Time" time="0.083"/>
  <testcase classname="TestCases.NewYork_info" name="NY_Date" time="0.119"/>
  <testcase classname="TestCases.NewYork_info" name="NY_Timegap" time="0.066"/>
</testsuite> <!-- Default test -->
