<?xml version="1.0" encoding="UTF-8"?>
<!-- Generated by org.testng.reporters.JUnitXMLReporter -->
<testsuite ignored="4" hostname="LTIN242681" failures="0" tests="12" name="Test" time="8.151" errors="0" timestamp="2024-02-08T10:35:03 GMT">
  <testcase classname="TestCases.World_Clock_Title" name="Test_WorldClock_Title" time="0.161"/>
  <testcase classname="TestCases.Banglore_info" name="BangaloreWatch_Title" time="0.073"/>
  <testcase classname="TestCases.Banglore_info" name="Bangalore_Time" time="0.042"/>
  <testcase classname="TestCases.Banglore_info" name="Bangalore_Date" time="0.057"/>
  <testcase classname="TestCases.London_info" name="LondonWatch_Tittle" time="0.034"/>
  <testcase classname="TestCases.London_info" name="London_Time" time="0.081"/>
  <testcase classname="TestCases.London_info" name="London_Date" time="0.075"/>
  <testcase classname="TestCases.London_info" name="London_Timegap" time="0.075"/>
  <testcase classname="TestCases.All_Apps" name="scroll" time="0.033"/>
  <testcase classname="TestCases.All_Apps" name="Viewapps" time="4.496"/>
  <testcase classname="TestCases.App_Alphabet_List" name="Appsalphabet" time="1.752"/>
  <testcase classname="TestCases.App_Alphabet_List" name="Randomalphabet" time="0.352"/>
  <testcase classname="TestBase.BaseClass" name="@BeforeSuite getWebDriver" time="0.0">
    <ignored/>
  </testcase> <!-- @BeforeSuite getWebDriver -->
  <testcase classname="TestBase.BaseClass" name="@BeforeSuite getWebDriver" time="0.0">
    <ignored/>
  </testcase> <!-- @BeforeSuite getWebDriver -->
  <testcase classname="TestBase.BaseClass" name="@BeforeSuite getWebDriver" time="0.0">
    <ignored/>
  </testcase> <!-- @BeforeSuite getWebDriver -->
  <testcase classname="TestBase.BaseClass" name="@BeforeSuite getWebDriver" time="0.0">
    <ignored/>
  </testcase> <!-- @BeforeSuite getWebDriver -->
</testsuite> <!-- Test -->
