<?xml version="1.0" encoding="UTF-8"?>
<!-- Generated by org.testng.reporters.JUnitXMLReporter -->
<testsuite ignored="6" hostname="LTIN242681" failures="0" tests="17" name="Test" time="50.592" errors="0" timestamp="2024-02-13T13:08:13 IST">
  <testcase classname="TestCases.User_Validation" name="user" time="12.349"/>
  <testcase classname="TestCases.World_Clock_Title" name="Test_WorldClock_Title" time="1.411"/>
  <testcase classname="TestCases.Banglore_info" name="BangaloreWatch_Title" time="0.156"/>
  <testcase classname="TestCases.Banglore_info" name="Bangalore_Time" time="0.063"/>
  <testcase classname="TestCases.Banglore_info" name="Bangalore_Date" time="0.125"/>
  <testcase classname="TestCases.London_info" name="LondonWatch_Tittle" time="0.072"/>
  <testcase classname="TestCases.London_info" name="London_Time" time="0.12"/>
  <testcase classname="TestCases.London_info" name="London_Date" time="0.112"/>
  <testcase classname="TestCases.London_info" name="London_Timegap" time="0.118"/>
  <testcase classname="TestCases.NewYork_info" name="NY_Watchtittle" time="0.066"/>
  <testcase classname="TestCases.NewYork_info" name="NY_Time" time="0.119"/>
  <testcase classname="TestCases.NewYork_info" name="NY_Date" time="0.119"/>
  <testcase classname="TestCases.NewYork_info" name="NY_Timegap" time="0.112"/>
  <testcase classname="TestCases.All_Apps" name="scroll" time="5.525"/>
  <testcase classname="TestCases.All_Apps" name="Viewapps" time="13.458"/>
  <testcase classname="TestCases.App_Alphabet_List" name="Appsalphabet" time="4.397"/>
  <testcase classname="TestCases.App_Alphabet_List" name="Randomalphabet" time="11.541"/>
  <testcase classname="TestBase.BaseClass" name="@BeforeSuite getWebDriver" time="0.0">
    <ignored/>
  </testcase> <!-- @BeforeSuite getWebDriver -->
  <testcase classname="TestBase.BaseClass" name="@BeforeSuite getWebDriver" time="0.0">
    <ignored/>
  </testcase> <!-- @BeforeSuite getWebDriver -->
  <testcase classname="TestBase.BaseClass" name="@BeforeSuite getWebDriver" time="0.0">
    <ignored/>
  </testcase> <!-- @BeforeSuite getWebDriver -->
  <testcase classname="TestBase.BaseClass" name="@BeforeSuite getWebDriver" time="0.0">
    <ignored/>
  </testcase> <!-- @BeforeSuite getWebDriver -->
  <testcase classname="TestBase.BaseClass" name="@BeforeSuite getWebDriver" time="0.0">
    <ignored/>
  </testcase> <!-- @BeforeSuite getWebDriver -->
  <testcase classname="TestBase.BaseClass" name="@BeforeSuite getWebDriver" time="0.0">
    <ignored/>
  </testcase> <!-- @BeforeSuite getWebDriver -->
</testsuite> <!-- Test -->
