<?xml version="1.0" encoding="UTF-8"?>
<!-- Generated by org.testng.reporters.JUnitXMLReporter -->
<testsuite ignored="6" hostname="LTIN242681" failures="0" tests="17" name="edge" time="70.437" errors="0" timestamp="2024-02-20T15:34:42 IST">
  <testcase classname="TestCases.User_Validation" name="user" time="15.497"/>
  <testcase classname="TestCases.World_Clock_Title" name="Test_WorldClock_Title" time="0.409"/>
  <testcase classname="TestCases.Banglore_info" name="BangaloreWatch_Title" time="0.097"/>
  <testcase classname="TestCases.Banglore_info" name="Bangalore_Time" time="0.052"/>
  <testcase classname="TestCases.Banglore_info" name="Bangalore_Date" time="0.062"/>
  <testcase classname="TestCases.London_info" name="LondonWatch_Tittle" time="0.053"/>
  <testcase classname="TestCases.London_info" name="London_Time" time="0.111"/>
  <testcase classname="TestCases.London_info" name="London_Date" time="0.143"/>
  <testcase classname="TestCases.London_info" name="London_Timegap" time="0.086"/>
  <testcase classname="TestCases.NewYork_info" name="NY_Watchtittle" time="0.045"/>
  <testcase classname="TestCases.NewYork_info" name="NY_Time" time="0.088"/>
  <testcase classname="TestCases.NewYork_info" name="NY_Date" time="0.103"/>
  <testcase classname="TestCases.NewYork_info" name="NY_Timegap" time="0.085"/>
  <testcase classname="TestCases.All_Apps" name="scroll" time="0.371"/>
  <testcase classname="TestCases.All_Apps" name="Viewapps" time="9.288"/>
  <testcase classname="TestCases.App_Alphabet_List" name="Appsalphabet" time="2.269"/>
  <testcase classname="TestCases.App_Alphabet_List" name="Randomalphabet" time="10.904"/>
  <testcase classname="TestBase.BaseClass" name="@BeforeTest getWebDriver" time="0.0">
    <ignored/>
  </testcase> <!-- @BeforeTest getWebDriver -->
  <testcase classname="TestBase.BaseClass" name="@BeforeTest getWebDriver" time="0.0">
    <ignored/>
  </testcase> <!-- @BeforeTest getWebDriver -->
  <testcase classname="TestBase.BaseClass" name="@BeforeTest getWebDriver" time="0.0">
    <ignored/>
  </testcase> <!-- @BeforeTest getWebDriver -->
  <testcase classname="TestBase.BaseClass" name="@BeforeTest getWebDriver" time="0.0">
    <ignored/>
  </testcase> <!-- @BeforeTest getWebDriver -->
  <testcase classname="TestBase.BaseClass" name="@BeforeTest getWebDriver" time="0.0">
    <ignored/>
  </testcase> <!-- @BeforeTest getWebDriver -->
  <testcase classname="TestBase.BaseClass" name="@BeforeTest getWebDriver" time="0.0">
    <ignored/>
  </testcase> <!-- @BeforeTest getWebDriver -->
</testsuite> <!-- edge -->
