<?xml version="1.0" encoding="UTF-8"?>
<!-- Generated by org.testng.reporters.JUnitXMLReporter -->
<testsuite ignored="6" hostname="LTIN242681" failures="0" tests="17" name="Test" time="91.725" errors="0" timestamp="2024-02-20T16:57:33 IST">
  <testcase classname="TestCases.User_Validation" name="user" time="11.44"/>
  <testcase classname="TestCases.World_Clock_Title" name="Test_WorldClock_Title" time="0.675"/>
  <testcase classname="TestCases.Banglore_info" name="BangaloreWatch_Title" time="0.11"/>
  <testcase classname="TestCases.Banglore_info" name="Bangalore_Time" time="0.095"/>
  <testcase classname="TestCases.Banglore_info" name="Bangalore_Date" time="0.154"/>
  <testcase classname="TestCases.London_info" name="LondonWatch_Tittle" time="0.086"/>
  <testcase classname="TestCases.London_info" name="London_Time" time="0.135"/>
  <testcase classname="TestCases.London_info" name="London_Date" time="0.134"/>
  <testcase classname="TestCases.London_info" name="London_Timegap" time="0.12"/>
  <testcase classname="TestCases.NewYork_info" name="NY_Watchtittle" time="0.06"/>
  <testcase classname="TestCases.NewYork_info" name="NY_Time" time="0.08"/>
  <testcase classname="TestCases.NewYork_info" name="NY_Date" time="0.081"/>
  <testcase classname="TestCases.NewYork_info" name="NY_Timegap" time="0.106"/>
  <testcase classname="TestCases.All_Apps" name="scroll" time="0.3"/>
  <testcase classname="TestCases.All_Apps" name="Viewapps" time="20.436"/>
  <testcase classname="TestCases.App_Alphabet_List" name="Appsalphabet" time="3.573"/>
  <testcase classname="TestCases.App_Alphabet_List" name="Randomalphabet" time="12.679"/>
  <testcase classname="TestBase.BaseClass" name="@BeforeTest getWebDriver" time="0.0">
    <ignored/>
  </testcase> <!-- @BeforeTest getWebDriver -->
  <testcase classname="TestBase.BaseClass" name="@BeforeTest getWebDriver" time="0.0">
    <ignored/>
  </testcase> <!-- @BeforeTest getWebDriver -->
  <testcase classname="TestBase.BaseClass" name="@BeforeTest getWebDriver" time="0.0">
    <ignored/>
  </testcase> <!-- @BeforeTest getWebDriver -->
  <testcase classname="TestBase.BaseClass" name="@BeforeTest getWebDriver" time="0.0">
    <ignored/>
  </testcase> <!-- @BeforeTest getWebDriver -->
  <testcase classname="TestBase.BaseClass" name="@BeforeTest getWebDriver" time="0.0">
    <ignored/>
  </testcase> <!-- @BeforeTest getWebDriver -->
  <testcase classname="TestBase.BaseClass" name="@BeforeTest getWebDriver" time="0.0">
    <ignored/>
  </testcase> <!-- @BeforeTest getWebDriver -->
</testsuite> <!-- Test -->
